2025-02-04T12:56:23.216Z error: Error Verification User: 
2025-02-04T12:56:23.216Z error: Error Verification User: 
2025-02-04T12:56:23.381Z error: Error Verification User: 
2025-02-04T12:56:23.381Z error: Error Verification User: 
2025-02-04T12:56:57.179Z error: Error Verification User: 
2025-02-04T12:56:57.179Z error: Error Verification User: 
2025-02-04T13:04:04.169Z error: Product Update Failed: Cannot read properties of undefined (reading 'price')
2025-02-04T13:04:04.169Z error: Product Update Failed: Cannot read properties of undefined (reading 'price')
2025-02-04T13:16:46.660Z error: Error Verification User: 
2025-02-04T13:16:46.660Z error: Error Verification User: 
2025-02-04T13:20:36.502Z error: Error Verification User: 
2025-02-04T13:20:36.502Z error: Error Verification User: 
2025-02-04T13:20:37.409Z error: Error Verification User: 
2025-02-04T13:20:37.409Z error: Error Verification User: 
2025-02-04T13:23:55.126Z error: Error Verification User: 
2025-02-04T13:23:55.126Z error: Error Verification User: 
2025-02-04T13:23:58.546Z error: Error Verification User: 
2025-02-04T13:23:58.546Z error: Error Verification User: 
2025-02-04T14:51:53.250Z error: Error Verification User: 
2025-02-04T14:51:53.250Z error: Error Verification User: 
2025-02-04T14:51:58.686Z error: Error Verification User: 
2025-02-04T14:51:58.686Z error: Error Verification User: 
2025-02-04T14:51:59.640Z error: Error Verification User: 
2025-02-04T14:51:59.640Z error: Error Verification User: 
2025-02-04T14:54:38.303Z error: Error Verification User: 
2025-02-04T14:54:38.303Z error: Error Verification User: 
2025-02-04T14:55:23.287Z error: Error Verification User: 
2025-02-04T14:55:23.287Z error: Error Verification User: 
2025-02-04T14:55:24.311Z error: Error Verification User: 
2025-02-04T14:55:24.311Z error: Error Verification User: 
2025-02-04T15:06:46.098Z error: Error Verification User: 
2025-02-04T15:06:46.098Z error: Error Verification User: 
2025-02-04T15:06:46.920Z error: Error Verification User: 
2025-02-04T15:06:46.920Z error: Error Verification User: 
2025-02-04T15:06:49.281Z error: Error Verification User: 
2025-02-04T15:06:49.281Z error: Error Verification User: 
2025-02-04T15:06:50.096Z error: Error Verification User: 
2025-02-04T15:06:50.096Z error: Error Verification User: 
2025-02-04T15:09:39.316Z error: Error Verification User: 
2025-02-04T15:09:39.316Z error: Error Verification User: 
2025-02-04T15:09:40.781Z error: Error Verification User: 
2025-02-04T15:09:40.781Z error: Error Verification User: 
2025-02-04T15:09:51.392Z error: Error Verification User: 
2025-02-04T15:09:51.392Z error: Error Verification User: 
2025-02-04T15:09:52.921Z error: Error Verification User: 
2025-02-04T15:09:52.921Z error: Error Verification User: 
2025-02-04T15:10:02.009Z error: Error Verification User: 
2025-02-04T15:10:02.009Z error: Error Verification User: 
2025-02-04T15:10:03.622Z error: Error Verification User: 
2025-02-04T15:10:03.622Z error: Error Verification User: 
2025-02-04T15:10:26.948Z error: Error Verification User: 
2025-02-04T15:10:26.948Z error: Error Verification User: 
2025-02-04T15:10:29.681Z error: Error Verification User: 
2025-02-04T15:10:29.681Z error: Error Verification User: 
2025-02-04T15:25:52.148Z error: Error Verification User: 
2025-02-04T15:25:52.148Z error: Error Verification User: 
2025-02-04T15:25:53.716Z error: Error Verification User: 
2025-02-04T15:25:53.716Z error: Error Verification User: 
2025-02-04T15:26:28.165Z error: Error Verification User: 
2025-02-04T15:26:28.165Z error: Error Verification User: 
2025-02-04T15:26:41.355Z error: Error Verification User: 
2025-02-04T15:26:41.355Z error: Error Verification User: 
2025-02-04T15:26:43.992Z error: Error Verification User: 
2025-02-04T15:26:43.992Z error: Error Verification User: 
2025-02-04T15:28:17.851Z error: Error Verification User: 
2025-02-04T15:28:17.851Z error: Error Verification User: 
2025-02-04T15:28:19.589Z error: Error Verification User: 
2025-02-04T15:28:19.589Z error: Error Verification User: 
2025-02-04T15:28:20.446Z error: Error Verification User: 
2025-02-04T15:28:20.446Z error: Error Verification User: 
2025-02-04T15:28:54.341Z error: Error Verification User: 
2025-02-04T15:28:54.341Z error: Error Verification User: 
2025-02-04T15:31:03.562Z error: Error Verification User: 
2025-02-04T15:31:03.562Z error: Error Verification User: 
2025-02-04T15:31:22.838Z error: Error Verification User: 
2025-02-04T15:31:22.838Z error: Error Verification User: 
2025-02-04T15:32:12.469Z error: Error Verification User: 
2025-02-04T15:32:12.469Z error: Error Verification User: 
2025-02-04T15:33:16.996Z error: Error Verification User: 
2025-02-04T15:33:16.996Z error: Error Verification User: 
2025-02-04T15:33:26.702Z error: Error Verification User: 
2025-02-04T15:33:26.702Z error: Error Verification User: 
2025-02-04T15:33:42.577Z error: Error Verification User: 
2025-02-04T15:33:42.577Z error: Error Verification User: 
2025-02-04T15:33:59.940Z error: Error Verification User: 
2025-02-04T15:33:59.940Z error: Error Verification User: 
2025-02-04T15:40:27.972Z error: Error Verification User: 
2025-02-04T15:40:27.972Z error: Error Verification User: 
2025-02-04T15:44:29.976Z error: Error Verification User: 
2025-02-04T15:44:29.976Z error: Error Verification User: 
2025-02-04T15:44:45.776Z error: Error Verification User: 
2025-02-04T15:44:45.776Z error: Error Verification User: 
2025-02-04T15:44:51.754Z error: Error Verification User: 
2025-02-04T15:44:51.754Z error: Error Verification User: 
2025-02-04T15:44:52.943Z error: Error Verification User: 
2025-02-04T15:44:52.943Z error: Error Verification User: 
2025-02-04T15:45:13.754Z error: Error Verification User: 
2025-02-04T15:45:13.754Z error: Error Verification User: 
2025-02-04T15:45:19.742Z error: Error Verification User: 
2025-02-04T15:45:19.742Z error: Error Verification User: 
2025-02-04T15:45:22.951Z error: Error Verification User: 
2025-02-04T15:45:22.951Z error: Error Verification User: 
2025-02-04T15:45:23.689Z error: Error Verification User: 
2025-02-04T15:45:23.689Z error: Error Verification User: 
2025-02-04T15:46:48.475Z error: Error Verification User: 
2025-02-04T15:46:48.475Z error: Error Verification User: 
2025-02-04T15:47:07.956Z error: Error Verification User: 
2025-02-04T15:47:07.956Z error: Error Verification User: 
2025-02-04T15:47:11.947Z error: Error Verification User: 
2025-02-04T15:47:11.947Z error: Error Verification User: 
2025-02-04T15:47:30.201Z error: Error Verification User: 
2025-02-04T15:47:30.201Z error: Error Verification User: 
2025-02-04T15:47:51.239Z error: Error Verification User: 
2025-02-04T15:47:51.239Z error: Error Verification User: 
2025-02-04T15:48:14.729Z error: Error Verification User: 
2025-02-04T15:48:14.729Z error: Error Verification User: 
2025-02-04T15:48:17.711Z error: Error Verification User: 
2025-02-04T15:48:17.711Z error: Error Verification User: 
2025-02-04T15:48:51.478Z error: Error Verification User: 
2025-02-04T15:48:51.478Z error: Error Verification User: 
2025-02-04T15:48:51.723Z error: Error Verification User: 
2025-02-04T15:48:51.723Z error: Error Verification User: 
2025-02-04T15:49:10.632Z error: Error Verification User: 
2025-02-04T15:49:10.632Z error: Error Verification User: 
2025-02-04T15:49:28.262Z error: Error Verification User: 
2025-02-04T15:49:28.262Z error: Error Verification User: 
2025-02-04T15:49:29.023Z error: Error Verification User: 
2025-02-04T15:49:29.023Z error: Error Verification User: 
2025-02-04T15:50:06.103Z error: Error Verification User: 
2025-02-04T15:50:06.103Z error: Error Verification User: 
2025-02-04T15:50:23.704Z error: Error Verification User: 
2025-02-04T15:50:23.704Z error: Error Verification User: 
2025-02-04T15:50:40.957Z error: Error Verification User: 
2025-02-04T15:50:40.957Z error: Error Verification User: 
2025-02-04T15:51:21.073Z error: Error Verification User: 
2025-02-04T15:51:21.073Z error: Error Verification User: 
2025-02-04T15:51:25.056Z error: Error Verification User: 
2025-02-04T15:51:25.056Z error: Error Verification User: 
2025-02-04T15:51:25.740Z error: Error Verification User: 
2025-02-04T15:51:25.740Z error: Error Verification User: 
2025-02-04T15:51:30.571Z error: Error Verification User: 
2025-02-04T15:51:30.571Z error: Error Verification User: 
2025-02-04T15:51:40.991Z error: Error Verification User: 
2025-02-04T15:51:40.991Z error: Error Verification User: 
2025-02-04T15:51:53.219Z error: Error Verification User: 
2025-02-04T15:51:53.219Z error: Error Verification User: 
2025-02-04T15:52:04.610Z error: Error Verification User: 
2025-02-04T15:52:04.610Z error: Error Verification User: 
2025-02-04T15:52:37.633Z error: Error Verification User: 
2025-02-04T15:52:37.633Z error: Error Verification User: 
2025-02-04T15:52:48.717Z error: Error Verification User: 
2025-02-04T15:52:48.717Z error: Error Verification User: 
2025-02-04T15:52:55.045Z error: Error Verification User: 
2025-02-04T15:52:55.045Z error: Error Verification User: 
2025-02-04T15:53:13.377Z error: Error Verification User: 
2025-02-04T15:53:13.377Z error: Error Verification User: 
2025-02-04T15:53:48.586Z error: Error Verification User: 
2025-02-04T15:53:48.586Z error: Error Verification User: 
2025-02-04T15:54:21.733Z error: Error Verification User: 
2025-02-04T15:54:21.733Z error: Error Verification User: 
2025-02-04T15:54:30.276Z error: Error Verification User: 
2025-02-04T15:54:30.276Z error: Error Verification User: 
2025-02-04T15:54:40.274Z error: Error Verification User: 
2025-02-04T15:54:40.274Z error: Error Verification User: 
2025-02-04T15:55:12.007Z error: Error Verification User: 
2025-02-04T15:55:12.007Z error: Error Verification User: 
2025-02-04T15:55:26.044Z error: Error Verification User: 
2025-02-04T15:55:26.044Z error: Error Verification User: 
2025-02-04T15:55:59.477Z error: Error Verification User: 
2025-02-04T15:55:59.477Z error: Error Verification User: 
2025-02-04T15:56:03.856Z error: Error Verification User: 
2025-02-04T15:56:03.856Z error: Error Verification User: 
2025-02-04T15:56:17.704Z error: Error Verification User: 
2025-02-04T15:56:17.704Z error: Error Verification User: 
2025-02-04T15:56:18.868Z error: Error Verification User: 
2025-02-04T15:56:18.868Z error: Error Verification User: 
2025-02-04T15:58:14.396Z error: Error Verification User: 
2025-02-04T15:58:14.396Z error: Error Verification User: 
2025-02-04T15:59:39.542Z error: Error Verification User: 
2025-02-04T15:59:39.542Z error: Error Verification User: 
2025-02-04T15:59:44.168Z error: Error Verification User: 
2025-02-04T15:59:44.168Z error: Error Verification User: 
2025-02-04T15:59:46.035Z error: Error Verification User: 
2025-02-04T15:59:46.035Z error: Error Verification User: 
2025-02-04T16:00:30.724Z error: Error Verification User: 
2025-02-04T16:00:30.724Z error: Error Verification User: 
2025-02-04T16:00:43.824Z error: Error Verification User: 
2025-02-04T16:00:43.824Z error: Error Verification User: 
2025-02-04T16:01:15.084Z error: Error Verification User: 
2025-02-04T16:01:15.084Z error: Error Verification User: 
2025-02-04T16:01:52.497Z error: Error Verification User: 
2025-02-04T16:01:52.497Z error: Error Verification User: 
2025-02-04T16:02:10.779Z error: Error Verification User: 
2025-02-04T16:02:10.779Z error: Error Verification User: 
2025-02-04T16:02:26.809Z error: Error Verification User: 
2025-02-04T16:02:26.809Z error: Error Verification User: 
2025-02-04T16:02:37.288Z error: Error Verification User: 
2025-02-04T16:02:37.288Z error: Error Verification User: 
2025-02-04T16:03:18.218Z error: Error Verification User: 
2025-02-04T16:03:18.218Z error: Error Verification User: 
2025-02-04T16:03:19.304Z error: Error Verification User: 
2025-02-04T16:03:19.304Z error: Error Verification User: 
2025-02-04T16:03:24.382Z error: Error Verification User: 
2025-02-04T16:03:24.382Z error: Error Verification User: 
2025-02-04T16:03:25.446Z error: Error Verification User: 
2025-02-04T16:03:25.446Z error: Error Verification User: 
2025-02-04T16:03:28.107Z error: Error Verification User: 
2025-02-04T16:03:28.107Z error: Error Verification User: 
2025-02-04T16:03:28.843Z error: Error Verification User: 
2025-02-04T16:03:28.843Z error: Error Verification User: 
2025-02-04T16:04:34.788Z error: Error Verification User: 
2025-02-04T16:04:34.788Z error: Error Verification User: 
2025-02-04T16:04:45.410Z error: Error Verification User: 
2025-02-04T16:04:45.410Z error: Error Verification User: 
2025-02-04T16:04:51.987Z error: Error Verification User: 
2025-02-04T16:04:51.987Z error: Error Verification User: 
2025-02-04T16:04:54.112Z error: Error Verification User: 
2025-02-04T16:04:54.112Z error: Error Verification User: 
2025-02-04T16:06:05.032Z error: Error Verification User: 
2025-02-04T16:06:05.032Z error: Error Verification User: 
2025-02-04T16:06:19.827Z error: Error Verification User: 
2025-02-04T16:06:19.827Z error: Error Verification User: 
2025-02-04T16:06:37.497Z error: Error Verification User: 
2025-02-04T16:06:37.497Z error: Error Verification User: 
2025-02-04T16:06:38.041Z error: Error Verification User: 
2025-02-04T16:06:38.041Z error: Error Verification User: 
2025-02-04T16:06:51.258Z error: Error Verification User: 
2025-02-04T16:06:51.258Z error: Error Verification User: 
2025-02-04T16:06:59.135Z error: Error Verification User: 
2025-02-04T16:06:59.135Z error: Error Verification User: 
2025-02-04T16:07:11.976Z error: Error Verification User: 
2025-02-04T16:07:11.976Z error: Error Verification User: 
2025-02-04T16:07:30.090Z error: Error Verification User: 
2025-02-04T16:07:30.090Z error: Error Verification User: 
2025-02-04T16:07:34.431Z error: Error Verification User: 
2025-02-04T16:07:34.431Z error: Error Verification User: 
2025-02-04T16:07:46.727Z error: Error Verification User: 
2025-02-04T16:07:46.727Z error: Error Verification User: 
2025-02-04T16:07:49.813Z error: Error Verification User: 
2025-02-04T16:07:49.813Z error: Error Verification User: 
2025-02-04T16:07:50.580Z error: Error Verification User: 
2025-02-04T16:07:50.580Z error: Error Verification User: 
2025-02-04T16:08:04.865Z error: Error Verification User: 
2025-02-04T16:08:04.865Z error: Error Verification User: 
2025-02-04T16:08:07.966Z error: Error Verification User: 
2025-02-04T16:08:07.966Z error: Error Verification User: 
2025-02-04T16:08:08.769Z error: Error Verification User: 
2025-02-04T16:08:08.769Z error: Error Verification User: 
2025-02-04T16:08:23.996Z error: Error Verification User: 
2025-02-04T16:08:23.996Z error: Error Verification User: 
2025-02-04T16:08:29.649Z error: Error Verification User: 
2025-02-04T16:08:29.649Z error: Error Verification User: 
2025-02-04T16:09:07.527Z error: Error Verification User: 
2025-02-04T16:09:07.527Z error: Error Verification User: 
2025-02-04T16:09:23.984Z error: Error Verification User: 
2025-02-04T16:09:23.984Z error: Error Verification User: 
2025-02-04T16:10:01.862Z error: Error Verification User: 
2025-02-04T16:10:01.862Z error: Error Verification User: 
2025-02-04T16:10:07.896Z error: Error Verification User: 
2025-02-04T16:10:07.896Z error: Error Verification User: 
2025-02-04T16:10:08.628Z error: Error Verification User: 
2025-02-04T16:10:08.628Z error: Error Verification User: 
2025-02-04T16:11:29.896Z error: Error Verification User: 
2025-02-04T16:11:29.896Z error: Error Verification User: 
2025-02-04T16:11:33.718Z error: Error Verification User: 
2025-02-04T16:11:33.718Z error: Error Verification User: 
2025-02-04T16:12:24.714Z error: Error Verification User: 
2025-02-04T16:12:24.714Z error: Error Verification User: 
2025-02-04T16:12:29.122Z error: Error Verification User: 
2025-02-04T16:12:29.122Z error: Error Verification User: 
2025-02-04T16:12:43.016Z error: Error Verification User: 
2025-02-04T16:12:43.016Z error: Error Verification User: 
2025-02-04T16:12:52.240Z error: Error Verification User: 
2025-02-04T16:12:52.240Z error: Error Verification User: 
2025-02-04T16:12:57.391Z error: Error Verification User: 
2025-02-04T16:12:57.391Z error: Error Verification User: 
2025-02-04T16:13:03.953Z error: Error Verification User: 
2025-02-04T16:13:03.953Z error: Error Verification User: 
2025-02-04T16:13:15.715Z error: Error Verification User: 
2025-02-04T16:13:15.715Z error: Error Verification User: 
2025-02-04T16:13:22.530Z error: Error Verification User: 
2025-02-04T16:13:22.530Z error: Error Verification User: 
2025-02-04T16:13:28.519Z error: Error Verification User: 
2025-02-04T16:13:28.519Z error: Error Verification User: 
2025-02-04T16:13:54.767Z error: Error Verification User: 
2025-02-04T16:13:54.767Z error: Error Verification User: 
2025-02-04T16:13:56.421Z error: Error Verification User: 
2025-02-04T16:13:56.421Z error: Error Verification User: 
2025-02-04T16:14:37.510Z error: Error Verification User: 
2025-02-04T16:14:37.510Z error: Error Verification User: 
2025-02-04T16:14:39.373Z error: Error Verification User: 
2025-02-04T16:14:39.373Z error: Error Verification User: 
2025-02-04T16:15:41.989Z error: Error Verification User: 
2025-02-04T16:15:41.989Z error: Error Verification User: 
2025-02-04T16:15:50.849Z error: Error Verification User: 
2025-02-04T16:15:50.849Z error: Error Verification User: 
2025-02-04T16:16:01.553Z error: Error Verification User: 
2025-02-04T16:16:01.553Z error: Error Verification User: 
2025-02-04T16:16:09.699Z error: Error Verification User: 
2025-02-04T16:16:09.699Z error: Error Verification User: 
2025-02-04T16:16:16.008Z error: Error Verification User: 
2025-02-04T16:16:16.008Z error: Error Verification User: 
2025-02-04T16:16:29.618Z error: Error Verification User: 
2025-02-04T16:16:29.618Z error: Error Verification User: 
2025-02-04T16:16:44.003Z error: Error Verification User: 
2025-02-04T16:16:44.003Z error: Error Verification User: 
2025-02-04T16:17:06.806Z error: Error Verification User: 
2025-02-04T16:17:06.806Z error: Error Verification User: 
2025-02-04T16:17:43.651Z error: Error Verification User: 
2025-02-04T16:17:43.651Z error: Error Verification User: 
2025-02-04T16:17:56.223Z error: Error Verification User: 
2025-02-04T16:17:56.223Z error: Error Verification User: 
2025-02-04T16:18:04.642Z error: Error Verification User: 
2025-02-04T16:18:04.642Z error: Error Verification User: 
2025-02-04T16:18:39.636Z error: Error Verification User: 
2025-02-04T16:18:39.636Z error: Error Verification User: 
2025-02-04T16:19:24.100Z error: Error Verification User: 
2025-02-04T16:19:24.100Z error: Error Verification User: 
2025-02-04T16:19:44.676Z error: Error Verification User: 
2025-02-04T16:19:44.676Z error: Error Verification User: 
2025-02-04T16:20:46.270Z error: Error Verification User: 
2025-02-04T16:20:46.270Z error: Error Verification User: 
2025-02-04T16:20:58.750Z error: Error Verification User: 
2025-02-04T16:20:58.750Z error: Error Verification User: 
2025-02-04T16:21:12.978Z error: Error Verification User: 
2025-02-04T16:21:12.978Z error: Error Verification User: 
2025-02-04T16:22:02.798Z error: Error Verification User: 
2025-02-04T16:22:02.798Z error: Error Verification User: 
2025-02-04T16:22:03.109Z error: Error Verification User: 
2025-02-04T16:22:03.109Z error: Error Verification User: 
2025-02-04T16:22:24.794Z error: Error Verification User: 
2025-02-04T16:22:24.794Z error: Error Verification User: 
2025-02-04T16:22:28.951Z error: Error Verification User: 
2025-02-04T16:22:28.951Z error: Error Verification User: 
2025-02-04T16:22:56.834Z error: Error Verification User: 
2025-02-04T16:22:56.834Z error: Error Verification User: 
2025-02-04T16:23:09.787Z error: Error Verification User: 
2025-02-04T16:23:09.787Z error: Error Verification User: 
2025-02-04T16:23:13.821Z error: Error Verification User: 
2025-02-04T16:23:13.821Z error: Error Verification User: 
2025-02-04T16:23:36.081Z error: Error Verification User: 
2025-02-04T16:23:36.081Z error: Error Verification User: 
2025-02-04T16:23:47.034Z error: Error Verification User: 
2025-02-04T16:23:47.034Z error: Error Verification User: 
2025-02-04T16:23:54.992Z error: Error Verification User: 
2025-02-04T16:23:54.992Z error: Error Verification User: 
2025-02-04T16:24:05.801Z error: Error Verification User: 
2025-02-04T16:24:05.801Z error: Error Verification User: 
2025-02-04T16:24:23.295Z error: Error Verification User: 
2025-02-04T16:24:23.295Z error: Error Verification User: 
2025-02-04T16:24:27.518Z error: Error Verification User: 
2025-02-04T16:24:27.518Z error: Error Verification User: 
2025-02-04T16:24:41.274Z error: Error Verification User: 
2025-02-04T16:24:41.274Z error: Error Verification User: 
2025-02-04T16:24:45.721Z error: Error Verification User: 
2025-02-04T16:24:45.721Z error: Error Verification User: 
2025-02-04T16:25:14.022Z error: Error Verification User: 
2025-02-04T16:25:14.022Z error: Error Verification User: 
2025-02-04T16:25:36.130Z error: Error Verification User: 
2025-02-04T16:25:36.130Z error: Error Verification User: 
2025-02-04T16:25:36.994Z error: Error Verification User: 
2025-02-04T16:25:36.994Z error: Error Verification User: 
2025-02-04T16:25:52.055Z error: Error Verification User: 
2025-02-04T16:25:52.055Z error: Error Verification User: 
2025-02-04T16:26:08.941Z error: Error Verification User: 
2025-02-04T16:26:08.941Z error: Error Verification User: 
2025-02-04T16:26:39.530Z error: Error Verification User: 
2025-02-04T16:26:39.530Z error: Error Verification User: 
2025-02-04T16:26:43.772Z error: Error Verification User: 
2025-02-04T16:26:43.772Z error: Error Verification User: 
2025-02-04T16:26:56.704Z error: Error Verification User: 
2025-02-04T16:26:56.704Z error: Error Verification User: 
2025-02-04T16:27:28.143Z error: Error Verification User: 
2025-02-04T16:27:28.143Z error: Error Verification User: 
2025-02-04T16:28:06.931Z error: Error Verification User: 
2025-02-04T16:28:06.931Z error: Error Verification User: 
2025-02-04T16:30:08.808Z error: Error Verification User: 
2025-02-04T16:30:08.808Z error: Error Verification User: 
2025-02-04T16:30:39.470Z error: Error Verification User: 
2025-02-04T16:30:39.470Z error: Error Verification User: 
2025-02-04T16:32:49.463Z error: Error Verification User: 
2025-02-04T16:32:49.463Z error: Error Verification User: 
2025-02-04T16:34:53.927Z error: Error Verification User: 
2025-02-04T16:34:53.927Z error: Error Verification User: 
2025-02-04T16:34:57.646Z error: Error Verification User: 
2025-02-04T16:34:57.646Z error: Error Verification User: 
2025-02-04T16:34:58.338Z error: Error Verification User: 
2025-02-04T16:34:58.338Z error: Error Verification User: 
2025-02-04T16:34:59.195Z error: Error Verification User: 
2025-02-04T16:34:59.195Z error: Error Verification User: 
2025-02-04T16:36:10.025Z error: Error Verification User: 
2025-02-04T16:36:10.025Z error: Error Verification User: 
2025-02-04T16:36:39.922Z error: Error Verification User: 
2025-02-04T16:36:39.922Z error: Error Verification User: 
2025-02-04T16:37:01.203Z error: Error Verification User: 
2025-02-04T16:37:01.203Z error: Error Verification User: 
2025-02-04T16:37:38.357Z error: Error Verification User: 
2025-02-04T16:37:38.357Z error: Error Verification User: 
2025-02-04T16:37:39.801Z error: Error Verification User: 
2025-02-04T16:37:39.801Z error: Error Verification User: 
2025-02-04T16:38:11.096Z error: Error Verification User: 
2025-02-04T16:38:11.096Z error: Error Verification User: 
2025-02-04T16:38:23.519Z error: Error Verification User: 
2025-02-04T16:38:23.519Z error: Error Verification User: 
2025-02-04T16:38:31.098Z error: Error Verification User: 
2025-02-04T16:38:31.098Z error: Error Verification User: 
2025-02-04T16:38:58.158Z error: Error Verification User: 
2025-02-04T16:38:58.158Z error: Error Verification User: 
2025-02-04T16:39:04.326Z error: Error Verification User: 
2025-02-04T16:39:04.326Z error: Error Verification User: 
2025-02-04T16:39:11.498Z error: Error Verification User: 
2025-02-04T16:39:11.498Z error: Error Verification User: 
2025-02-04T16:39:17.489Z error: Error Verification User: 
2025-02-04T16:39:17.489Z error: Error Verification User: 
2025-02-04T16:39:21.232Z error: Error Verification User: 
2025-02-04T16:39:21.232Z error: Error Verification User: 
2025-02-04T16:39:28.448Z error: Error Verification User: 
2025-02-04T16:39:28.448Z error: Error Verification User: 
2025-02-04T16:40:12.063Z error: Error Verification User: 
2025-02-04T16:40:12.063Z error: Error Verification User: 
2025-02-04T16:40:58.703Z error: Error Verification User: 
2025-02-04T16:40:58.703Z error: Error Verification User: 
2025-02-04T16:41:59.728Z error: Error Verification User: 
2025-02-04T16:41:59.728Z error: Error Verification User: 
2025-02-04T16:42:04.482Z error: Error Verification User: 
2025-02-04T16:42:04.482Z error: Error Verification User: 
2025-02-04T16:42:44.759Z error: Error Verification User: 
2025-02-04T16:42:44.759Z error: Error Verification User: 
2025-02-04T16:42:53.961Z error: Error Verification User: 
2025-02-04T16:42:53.961Z error: Error Verification User: 
2025-02-04T16:43:02.666Z error: Error Verification User: 
2025-02-04T16:43:02.666Z error: Error Verification User: 
2025-02-04T16:43:18.256Z error: Error Verification User: 
2025-02-04T16:43:18.256Z error: Error Verification User: 
2025-02-04T16:43:31.475Z error: Error Verification User: 
2025-02-04T16:43:31.475Z error: Error Verification User: 
2025-02-04T16:43:34.929Z error: Error Verification User: 
2025-02-04T16:43:34.929Z error: Error Verification User: 
2025-02-04T16:44:10.886Z error: Error Verification User: 
2025-02-04T16:44:10.886Z error: Error Verification User: 
2025-02-04T16:44:22.138Z error: Error Verification User: 
2025-02-04T16:44:22.138Z error: Error Verification User: 
2025-02-04T16:44:33.921Z error: Error Verification User: 
2025-02-04T16:44:33.921Z error: Error Verification User: 
2025-02-04T16:44:42.728Z error: Error Verification User: 
2025-02-04T16:44:42.728Z error: Error Verification User: 
2025-02-04T16:45:18.747Z error: Error Verification User: 
2025-02-04T16:45:18.747Z error: Error Verification User: 
2025-02-04T16:45:33.709Z error: Error Verification User: 
2025-02-04T16:45:33.709Z error: Error Verification User: 
2025-02-04T16:45:41.784Z error: Error Verification User: 
2025-02-04T16:45:41.784Z error: Error Verification User: 
2025-02-04T16:45:52.253Z error: Error Verification User: 
2025-02-04T16:45:52.253Z error: Error Verification User: 
2025-02-04T16:46:01.736Z error: Error Verification User: 
2025-02-04T16:46:01.736Z error: Error Verification User: 
2025-02-04T16:46:11.956Z error: Error Verification User: 
2025-02-04T16:46:11.956Z error: Error Verification User: 
2025-02-04T16:46:36.797Z error: Error Verification User: 
2025-02-04T16:46:36.797Z error: Error Verification User: 
2025-02-04T16:47:08.231Z error: Error Verification User: 
2025-02-04T16:47:08.231Z error: Error Verification User: 
2025-02-04T16:47:17.939Z error: Error Verification User: 
2025-02-04T16:47:17.939Z error: Error Verification User: 
2025-02-04T16:47:27.880Z error: Error Verification User: 
2025-02-04T16:47:27.880Z error: Error Verification User: 
2025-02-04T16:47:39.537Z error: Error Verification User: 
2025-02-04T16:47:39.537Z error: Error Verification User: 
2025-02-04T16:49:01.694Z error: Error Verification User: 
2025-02-04T16:49:01.694Z error: Error Verification User: 
2025-02-04T16:49:08.704Z error: Error Verification User: 
2025-02-04T16:49:08.704Z error: Error Verification User: 
2025-02-04T16:49:26.759Z error: Error Verification User: 
2025-02-04T16:49:26.759Z error: Error Verification User: 
2025-02-04T16:49:46.836Z error: Error Verification User: 
2025-02-04T16:49:46.836Z error: Error Verification User: 
2025-02-04T16:50:05.293Z error: Error Verification User: 
2025-02-04T16:50:05.293Z error: Error Verification User: 
2025-02-04T16:50:31.051Z error: Error Verification User: 
2025-02-04T16:50:31.051Z error: Error Verification User: 
2025-02-04T16:50:41.941Z error: Error Verification User: 
2025-02-04T16:50:41.941Z error: Error Verification User: 
2025-02-04T16:50:50.766Z error: Error Verification User: 
2025-02-04T16:50:50.766Z error: Error Verification User: 
2025-02-04T16:50:57.375Z error: Error Verification User: 
2025-02-04T16:50:57.375Z error: Error Verification User: 
2025-02-04T16:51:19.484Z error: Error Verification User: 
2025-02-04T16:51:19.484Z error: Error Verification User: 
2025-02-04T16:52:14.743Z error: Error Verification User: 
2025-02-04T16:52:14.743Z error: Error Verification User: 
2025-02-04T16:52:43.103Z error: Error Verification User: 
2025-02-04T16:52:43.103Z error: Error Verification User: 
2025-02-04T16:53:31.751Z error: Error Verification User: 
2025-02-04T16:53:31.751Z error: Error Verification User: 
2025-02-04T16:55:15.859Z error: Error Verification User: 
2025-02-04T16:55:15.859Z error: Error Verification User: 
2025-02-04T16:55:29.042Z error: Error Verification User: 
2025-02-04T16:55:29.042Z error: Error Verification User: 
2025-02-04T16:57:13.212Z error: Error Verification User: 
2025-02-04T16:57:13.212Z error: Error Verification User: 
2025-02-04T16:58:49.562Z error: Error Verification User: 
2025-02-04T16:58:49.562Z error: Error Verification User: 
2025-02-04T16:59:15.195Z error: Error Verification User: 
2025-02-04T16:59:15.195Z error: Error Verification User: 
2025-02-04T17:01:49.042Z error: Error Verification User: 
2025-02-04T17:01:49.042Z error: Error Verification User: 
2025-02-04T17:01:50.052Z error: Error Verification User: 
2025-02-04T17:01:50.052Z error: Error Verification User: 
2025-02-04T17:02:10.888Z error: Error Verification User: 
2025-02-04T17:02:10.888Z error: Error Verification User: 
2025-02-04T17:02:11.780Z error: Error Verification User: 
2025-02-04T17:02:11.780Z error: Error Verification User: 
2025-02-04T17:02:13.045Z error: Error Verification User: 
2025-02-04T17:02:13.045Z error: Error Verification User: 
2025-02-04T17:02:15.094Z error: Error Verification User: 
2025-02-04T17:02:15.094Z error: Error Verification User: 
2025-02-04T17:02:17.391Z error: Error Verification User: 
2025-02-04T17:02:17.391Z error: Error Verification User: 
2025-02-04T17:02:44.946Z error: Error Verification User: 
2025-02-04T17:02:44.946Z error: Error Verification User: 
2025-02-04T17:02:45.318Z error: Error Verification User: 
2025-02-04T17:02:45.318Z error: Error Verification User: 
2025-02-04T17:04:16.970Z error: Error Verification User: 
2025-02-04T17:04:16.970Z error: Error Verification User: 
2025-02-04T17:04:17.976Z error: Error Verification User: 
2025-02-04T17:04:17.976Z error: Error Verification User: 
2025-02-04T17:04:18.982Z error: Error Verification User: 
2025-02-04T17:04:18.982Z error: Error Verification User: 
2025-02-04T17:04:50.072Z error: Error Verification User: 
2025-02-04T17:04:50.072Z error: Error Verification User: 
2025-02-04T17:04:50.349Z error: Error Verification User: 
2025-02-04T17:04:50.349Z error: Error Verification User: 
2025-02-04T17:06:39.632Z error: Error while creating new Product: Cannot read properties of undefined (reading 'isValid')
2025-02-04T17:06:39.632Z error: Error while creating new Product: Cannot read properties of undefined (reading 'isValid')
2025-02-04T17:06:52.468Z error: Error while creating new Product: Cannot read properties of undefined (reading 'isValid')
2025-02-04T17:06:52.468Z error: Error while creating new Product: Cannot read properties of undefined (reading 'isValid')
2025-02-04T17:08:10.342Z error: Error while creating new Product: Cannot read properties of undefined (reading 'isValid')
2025-02-04T17:08:10.342Z error: Error while creating new Product: Cannot read properties of undefined (reading 'isValid')
2025-02-04T17:10:32.161Z error: Error while creating new Product: Cannot read properties of undefined (reading 'reasons')
2025-02-04T17:10:32.161Z error: Error while creating new Product: Cannot read properties of undefined (reading 'reasons')
2025-02-04T17:12:12.376Z error: Error while creating new Product: Cannot destructure property 'isValid' of 'isFormValid(...)' as it is undefined.
2025-02-04T17:12:12.376Z error: Error while creating new Product: Cannot destructure property 'isValid' of 'isFormValid(...)' as it is undefined.
2025-02-04T17:13:21.163Z error: Error while creating new Product: Cannot destructure property 'isValid' of 'isFormValid(...)' as it is undefined.
2025-02-04T17:13:21.163Z error: Error while creating new Product: Cannot destructure property 'isValid' of 'isFormValid(...)' as it is undefined.
