2025-02-05T18:30:19.670Z error: Error Verification User: 
2025-02-05T18:30:19.670Z error: Error Verification User: 
2025-02-05T18:30:19.678Z error: Error Verification User: 
2025-02-05T18:30:19.678Z error: Error Verification User: 
2025-02-05T18:30:56.182Z error: Error Verification User: 
2025-02-05T18:30:56.182Z error: Error Verification User: 
2025-02-05T18:32:26.507Z error: Error Verification User: 
2025-02-05T18:32:26.507Z error: Error Verification User: 
2025-02-05T18:32:47.966Z error: Error Verification User: 
2025-02-05T18:32:47.966Z error: Error Verification User: 
2025-02-05T18:33:03.973Z error: Error Verification User: 
2025-02-05T18:33:03.973Z error: Error Verification User: 
2025-02-05T18:33:33.710Z error: Error Verification User: 
2025-02-05T18:33:33.710Z error: Error Verification User: 
2025-02-05T18:33:54.245Z error: Error Verification User: 
2025-02-05T18:33:54.245Z error: Error Verification User: 
2025-02-05T18:34:01.799Z error: Error Verification User: 
2025-02-05T18:34:01.799Z error: Error Verification User: 
2025-02-05T18:34:27.694Z error: Error Verification User: 
2025-02-05T18:34:27.694Z error: Error Verification User: 
2025-02-05T18:35:10.697Z error: Error Verification User: 
2025-02-05T18:35:10.697Z error: Error Verification User: 
2025-02-05T18:35:22.243Z error: Error Verification User: 
2025-02-05T18:35:22.243Z error: Error Verification User: 
2025-02-05T18:35:58.285Z error: Error Verification User: 
2025-02-05T18:35:58.285Z error: Error Verification User: 
2025-02-05T18:36:17.553Z error: Error Verification User: 
2025-02-05T18:36:17.553Z error: Error Verification User: 
2025-02-05T18:37:05.952Z error: Error Verification User: 
2025-02-05T18:37:05.952Z error: Error Verification User: 
2025-02-05T18:37:05.965Z error: Error Verification User: 
2025-02-05T18:37:05.965Z error: Error Verification User: 
2025-02-05T18:37:06.756Z error: Error Verification User: 
2025-02-05T18:37:06.756Z error: Error Verification User: 
2025-02-05T18:37:06.766Z error: Error Verification User: 
2025-02-05T18:37:06.766Z error: Error Verification User: 
2025-02-05T18:37:06.869Z error: Error Verification User: 
2025-02-05T18:37:06.869Z error: Error Verification User: 
2025-02-05T18:37:06.882Z error: Error Verification User: 
2025-02-05T18:37:06.882Z error: Error Verification User: 
2025-02-05T18:37:26.920Z error: Error Verification User: 
2025-02-05T18:37:26.920Z error: Error Verification User: 
2025-02-05T18:37:27.224Z error: Error Verification User: 
2025-02-05T18:37:27.224Z error: Error Verification User: 
2025-02-05T18:37:27.235Z error: Error Verification User: 
2025-02-05T18:37:27.235Z error: Error Verification User: 
2025-02-05T18:37:27.313Z error: Error Verification User: 
2025-02-05T18:37:27.313Z error: Error Verification User: 
2025-02-05T18:37:27.353Z error: Error Verification User: 
2025-02-05T18:37:27.353Z error: Error Verification User: 
2025-02-05T18:37:27.711Z error: Error Verification User: 
2025-02-05T18:37:27.711Z error: Error Verification User: 
2025-02-05T18:40:27.068Z error: Error Verification User: 
2025-02-05T18:40:27.068Z error: Error Verification User: 
2025-02-05T18:40:27.854Z error: Error Verification User: 
2025-02-05T18:40:27.854Z error: Error Verification User: 
2025-02-05T18:42:04.228Z error: Error Verification User: 
2025-02-05T18:42:04.228Z error: Error Verification User: 
2025-02-05T18:53:44.903Z error: Error Verification User: 
2025-02-05T18:53:44.903Z error: Error Verification User: 
2025-02-05T18:53:46.155Z error: Error Verification User: 
2025-02-05T18:53:46.155Z error: Error Verification User: 
2025-02-05T19:01:06.142Z error: Error Verification User: 
2025-02-05T19:01:06.142Z error: Error Verification User: 
2025-02-05T19:01:08.632Z error: Error Verification User: 
2025-02-05T19:01:08.632Z error: Error Verification User: 
2025-02-05T19:02:22.316Z error: Error Verification User: 
2025-02-05T19:02:22.316Z error: Error Verification User: 
2025-02-05T19:02:23.832Z error: Error Verification User: 
2025-02-05T19:02:23.832Z error: Error Verification User: 
2025-02-05T19:02:36.321Z error: Error Verification User: 
2025-02-05T19:02:36.321Z error: Error Verification User: 
2025-02-05T19:02:38.249Z error: Error Verification User: 
2025-02-05T19:02:38.249Z error: Error Verification User: 
2025-02-05T19:02:40.086Z error: Error Verification User: 
2025-02-05T19:02:40.086Z error: Error Verification User: 
2025-02-05T19:02:58.552Z error: Error Verification User: 
2025-02-05T19:02:58.552Z error: Error Verification User: 
2025-02-05T19:03:06.913Z error: Error Verification User: 
2025-02-05T19:03:06.913Z error: Error Verification User: 
2025-02-05T19:03:16.961Z error: Error Verification User: 
2025-02-05T19:03:16.961Z error: Error Verification User: 
2025-02-05T19:03:38.183Z error: Error Verification User: 
2025-02-05T19:03:38.183Z error: Error Verification User: 
2025-02-05T19:04:07.697Z error: Error Verification User: 
2025-02-05T19:04:07.697Z error: Error Verification User: 
2025-02-05T19:04:17.918Z error: Error Verification User: 
2025-02-05T19:04:17.918Z error: Error Verification User: 
2025-02-05T19:04:27.107Z error: Error Verification User: 
2025-02-05T19:04:27.107Z error: Error Verification User: 
2025-02-05T19:04:45.479Z error: Error Verification User: 
2025-02-05T19:04:45.479Z error: Error Verification User: 
2025-02-05T19:05:36.786Z error: Error Verification User: 
2025-02-05T19:05:36.786Z error: Error Verification User: 
2025-02-05T19:06:15.451Z error: Error Verification User: 
2025-02-05T19:06:15.451Z error: Error Verification User: 
2025-02-05T19:06:22.021Z error: Error Verification User: 
2025-02-05T19:06:22.021Z error: Error Verification User: 
2025-02-05T19:07:58.104Z error: Error Verification User: 
2025-02-05T19:07:58.104Z error: Error Verification User: 
2025-02-05T19:08:05.983Z error: Error Verification User: 
2025-02-05T19:08:05.983Z error: Error Verification User: 
2025-02-05T19:08:36.945Z error: Error Verification User: 
2025-02-05T19:08:36.945Z error: Error Verification User: 
2025-02-05T19:08:47.975Z error: Error Verification User: 
2025-02-05T19:08:47.975Z error: Error Verification User: 
2025-02-05T19:09:11.933Z error: Error Verification User: 
2025-02-05T19:09:11.933Z error: Error Verification User: 
2025-02-05T19:09:20.411Z error: Error Verification User: 
2025-02-05T19:09:20.411Z error: Error Verification User: 
2025-02-05T19:09:30.935Z error: Error Verification User: 
2025-02-05T19:09:30.935Z error: Error Verification User: 
2025-02-05T19:09:53.000Z error: Error Verification User: 
2025-02-05T19:09:53.000Z error: Error Verification User: 
2025-02-05T19:09:58.806Z error: Error Verification User: 
2025-02-05T19:09:58.806Z error: Error Verification User: 
2025-02-05T19:09:59.728Z error: Error Verification User: 
2025-02-05T19:09:59.728Z error: Error Verification User: 
2025-02-05T19:10:03.529Z error: Error Verification User: 
2025-02-05T19:10:03.529Z error: Error Verification User: 
2025-02-05T19:10:04.182Z error: Error Verification User: 
2025-02-05T19:10:04.182Z error: Error Verification User: 
2025-02-05T19:10:08.656Z error: Error Verification User: 
2025-02-05T19:10:08.656Z error: Error Verification User: 
2025-02-05T19:10:09.504Z error: Error Verification User: 
2025-02-05T19:10:09.504Z error: Error Verification User: 
2025-02-05T19:10:24.578Z error: Error Verification User: 
2025-02-05T19:10:24.578Z error: Error Verification User: 
2025-02-05T19:10:25.469Z error: Error Verification User: 
2025-02-05T19:10:25.469Z error: Error Verification User: 
2025-02-05T19:13:21.554Z error: Error Verification User: 
2025-02-05T19:13:21.554Z error: Error Verification User: 
2025-02-05T19:13:21.894Z error: Error Verification User: 
2025-02-05T19:13:21.894Z error: Error Verification User: 
2025-02-05T19:14:46.083Z error: Error Verification User: 
2025-02-05T19:14:46.083Z error: Error Verification User: 
2025-02-05T19:14:52.254Z error: Error Verification User: 
2025-02-05T19:14:52.254Z error: Error Verification User: 
2025-02-05T19:15:12.237Z error: Error Verification User: 
2025-02-05T19:15:12.237Z error: Error Verification User: 
2025-02-05T19:15:21.576Z error: Error Verification User: 
2025-02-05T19:15:21.576Z error: Error Verification User: 
2025-02-05T19:15:28.816Z error: Error Verification User: 
2025-02-05T19:15:28.816Z error: Error Verification User: 
2025-02-05T19:15:30.916Z error: Error Verification User: 
2025-02-05T19:15:30.916Z error: Error Verification User: 
2025-02-05T19:15:31.824Z error: Error Verification User: 
2025-02-05T19:15:31.824Z error: Error Verification User: 
2025-02-05T19:16:50.205Z error: Error Verification User: 
2025-02-05T19:16:50.205Z error: Error Verification User: 
2025-02-05T19:17:01.428Z error: Error Verification User: 
2025-02-05T19:17:01.428Z error: Error Verification User: 
2025-02-05T19:17:29.418Z error: Error Verification User: 
2025-02-05T19:17:29.418Z error: Error Verification User: 
2025-02-05T19:17:41.405Z error: Error Verification User: 
2025-02-05T19:17:41.405Z error: Error Verification User: 
2025-02-05T19:18:01.736Z error: Error Verification User: 
2025-02-05T19:18:01.736Z error: Error Verification User: 
2025-02-05T19:18:31.255Z error: Error Verification User: 
2025-02-05T19:18:31.255Z error: Error Verification User: 
2025-02-05T19:18:44.313Z error: Error Verification User: 
2025-02-05T19:18:44.313Z error: Error Verification User: 
2025-02-05T19:18:55.514Z error: Error Verification User: 
2025-02-05T19:18:55.514Z error: Error Verification User: 
2025-02-05T19:21:16.669Z error: Error Verification User: 
2025-02-05T19:21:16.669Z error: Error Verification User: 
2025-02-05T19:21:16.979Z error: Error Verification User: 
2025-02-05T19:21:16.979Z error: Error Verification User: 
2025-02-05T19:22:39.489Z error: Error Verification User: 
2025-02-05T19:22:39.489Z error: Error Verification User: 
2025-02-05T19:23:26.869Z error: Error Verification User: 
2025-02-05T19:23:26.869Z error: Error Verification User: 
2025-02-05T19:23:54.715Z error: Error Verification User: 
2025-02-05T19:23:54.715Z error: Error Verification User: 
2025-02-05T19:23:57.659Z error: Error Verification User: 
2025-02-05T19:23:57.659Z error: Error Verification User: 
2025-02-05T19:24:03.241Z error: Error Verification User: 
2025-02-05T19:24:03.241Z error: Error Verification User: 
2025-02-05T19:24:18.296Z error: Error Verification User: 
2025-02-05T19:24:18.296Z error: Error Verification User: 
2025-02-05T19:24:18.640Z error: Error Verification User: 
2025-02-05T19:24:18.640Z error: Error Verification User: 
2025-02-05T19:28:03.167Z error: Error Verification User: 
2025-02-05T19:28:03.167Z error: Error Verification User: 
2025-02-05T19:28:04.765Z error: Error Verification User: 
2025-02-05T19:28:04.765Z error: Error Verification User: 
2025-02-05T19:28:04.912Z error: Error Verification User: 
2025-02-05T19:28:04.912Z error: Error Verification User: 
2025-02-05T19:28:04.918Z error: Error Verification User: 
2025-02-05T19:28:04.918Z error: Error Verification User: 
2025-02-05T19:28:05.930Z error: Error Verification User: 
2025-02-05T19:28:05.930Z error: Error Verification User: 
2025-02-05T19:28:07.075Z error: Error Verification User: 
2025-02-05T19:28:07.075Z error: Error Verification User: 
2025-02-05T19:28:51.696Z error: Error Verification User: 
2025-02-05T19:28:51.696Z error: Error Verification User: 
2025-02-05T19:28:54.232Z error: Error Verification User: 
2025-02-05T19:28:54.232Z error: Error Verification User: 
2025-02-05T19:28:55.268Z error: Error Verification User: 
2025-02-05T19:28:55.268Z error: Error Verification User: 
2025-02-05T19:29:15.611Z error: Error Verification User: 
2025-02-05T19:29:15.611Z error: Error Verification User: 
2025-02-05T19:29:25.820Z error: Error Verification User: 
2025-02-05T19:29:25.820Z error: Error Verification User: 
2025-02-05T19:30:11.557Z error: Error Verification User: 
2025-02-05T19:30:11.557Z error: Error Verification User: 
2025-02-05T19:30:18.122Z error: Error Verification User: 
2025-02-05T19:30:18.122Z error: Error Verification User: 
2025-02-05T19:30:34.167Z error: Error Verification User: 
2025-02-05T19:30:34.167Z error: Error Verification User: 
2025-02-05T19:30:40.809Z error: Error Verification User: 
2025-02-05T19:30:40.809Z error: Error Verification User: 
2025-02-05T19:30:59.678Z error: Error Verification User: 
2025-02-05T19:30:59.678Z error: Error Verification User: 
2025-02-05T19:31:09.990Z error: Error Verification User: 
2025-02-05T19:31:09.990Z error: Error Verification User: 
2025-02-05T19:31:15.405Z error: Error Verification User: 
2025-02-05T19:31:15.405Z error: Error Verification User: 
2025-02-05T19:31:26.321Z error: Error Verification User: 
2025-02-05T19:31:26.321Z error: Error Verification User: 
2025-02-05T19:31:37.300Z error: Error Verification User: 
2025-02-05T19:31:37.300Z error: Error Verification User: 
2025-02-05T19:33:04.563Z error: Error Verification User: 
2025-02-05T19:33:04.563Z error: Error Verification User: 
2025-02-05T19:33:35.309Z error: Error Verification User: 
2025-02-05T19:33:35.309Z error: Error Verification User: 
2025-02-05T19:34:23.067Z error: Error Verification User: 
2025-02-05T19:34:23.067Z error: Error Verification User: 
2025-02-05T19:34:25.509Z error: Error Verification User: 
2025-02-05T19:34:25.509Z error: Error Verification User: 
2025-02-05T19:34:26.962Z error: Error Verification User: 
2025-02-05T19:34:26.962Z error: Error Verification User: 
2025-02-05T19:34:53.146Z error: Error Verification User: 
2025-02-05T19:34:53.146Z error: Error Verification User: 
2025-02-05T19:35:05.229Z error: Error Verification User: 
2025-02-05T19:35:05.229Z error: Error Verification User: 
2025-02-05T19:35:22.432Z error: Error Verification User: 
2025-02-05T19:35:22.432Z error: Error Verification User: 
2025-02-05T19:36:58.136Z error: Error Verification User: 
2025-02-05T19:36:58.136Z error: Error Verification User: 
2025-02-05T19:37:07.730Z error: Error Verification User: 
2025-02-05T19:37:07.730Z error: Error Verification User: 
2025-02-05T19:37:19.139Z error: Error Verification User: 
2025-02-05T19:37:19.139Z error: Error Verification User: 
2025-02-05T19:38:26.544Z error: Error Verification User: 
2025-02-05T19:38:26.544Z error: Error Verification User: 
2025-02-05T19:39:01.701Z error: Error Verification User: 
2025-02-05T19:39:01.701Z error: Error Verification User: 
2025-02-05T19:39:37.077Z error: Error Verification User: 
2025-02-05T19:39:37.077Z error: Error Verification User: 
2025-02-05T19:39:40.263Z error: Error Verification User: 
2025-02-05T19:39:40.263Z error: Error Verification User: 
2025-02-05T19:39:49.056Z error: Error Verification User: 
2025-02-05T19:39:49.056Z error: Error Verification User: 
2025-02-05T19:39:56.832Z error: Error Verification User: 
2025-02-05T19:39:56.832Z error: Error Verification User: 
2025-02-05T19:40:13.053Z error: Error Verification User: 
2025-02-05T19:40:13.053Z error: Error Verification User: 
2025-02-05T19:40:22.886Z error: Error Verification User: 
2025-02-05T19:40:22.886Z error: Error Verification User: 
2025-02-05T19:40:35.640Z error: Error Verification User: 
2025-02-05T19:40:35.640Z error: Error Verification User: 
2025-02-05T19:40:41.213Z error: Error Verification User: 
2025-02-05T19:40:41.213Z error: Error Verification User: 
2025-02-05T19:40:58.762Z error: Error Verification User: 
2025-02-05T19:40:58.762Z error: Error Verification User: 
2025-02-05T19:41:33.729Z error: Error Verification User: 
2025-02-05T19:41:33.729Z error: Error Verification User: 
2025-02-05T19:42:18.929Z error: Error Verification User: 
2025-02-05T19:42:18.929Z error: Error Verification User: 
2025-02-05T19:42:50.165Z error: Error Verification User: 
2025-02-05T19:42:50.165Z error: Error Verification User: 
2025-02-05T19:43:23.848Z error: Error Verification User: 
2025-02-05T19:43:23.848Z error: Error Verification User: 
2025-02-05T19:43:46.972Z error: Error Verification User: 
2025-02-05T19:43:46.972Z error: Error Verification User: 
2025-02-05T19:44:13.422Z error: Error Verification User: 
2025-02-05T19:44:13.422Z error: Error Verification User: 
2025-02-05T19:44:52.670Z error: Error Verification User: 
2025-02-05T19:44:52.670Z error: Error Verification User: 
2025-02-05T19:45:12.882Z error: Error Verification User: 
2025-02-05T19:45:12.882Z error: Error Verification User: 
2025-02-05T19:45:33.181Z error: Error Verification User: 
2025-02-05T19:45:33.181Z error: Error Verification User: 
2025-02-05T19:45:57.817Z error: Error Verification User: 
2025-02-05T19:45:57.817Z error: Error Verification User: 
2025-02-05T19:46:08.852Z error: Error Verification User: 
2025-02-05T19:46:08.852Z error: Error Verification User: 
2025-02-05T19:46:28.867Z error: Error Verification User: 
2025-02-05T19:46:28.867Z error: Error Verification User: 
2025-02-05T19:46:37.616Z error: Error Verification User: 
2025-02-05T19:46:37.616Z error: Error Verification User: 
2025-02-05T19:46:55.340Z error: Error Verification User: 
2025-02-05T19:46:55.340Z error: Error Verification User: 
2025-02-05T19:47:10.718Z error: Error Verification User: 
2025-02-05T19:47:10.718Z error: Error Verification User: 
2025-02-05T19:47:18.407Z error: Error Verification User: 
2025-02-05T19:47:18.407Z error: Error Verification User: 
2025-02-05T19:47:27.141Z error: Error Verification User: 
2025-02-05T19:47:27.141Z error: Error Verification User: 
2025-02-05T19:47:41.726Z error: Error Verification User: 
2025-02-05T19:47:41.726Z error: Error Verification User: 
2025-02-05T19:50:41.149Z error: Error Verification User: 
2025-02-05T19:50:41.149Z error: Error Verification User: 
2025-02-05T19:54:00.192Z error: Error Verification User: 
2025-02-05T19:54:00.192Z error: Error Verification User: 
2025-02-05T19:54:11.178Z error: Error Verification User: 
2025-02-05T19:54:11.178Z error: Error Verification User: 
2025-02-05T19:54:21.832Z error: Error Verification User: 
2025-02-05T19:54:21.832Z error: Error Verification User: 
2025-02-05T19:54:37.188Z error: Error Verification User: 
2025-02-05T19:54:37.188Z error: Error Verification User: 
2025-02-05T19:54:47.911Z error: Error Verification User: 
2025-02-05T19:54:47.911Z error: Error Verification User: 
2025-02-05T19:55:07.334Z error: Error Verification User: 
2025-02-05T19:55:07.334Z error: Error Verification User: 
2025-02-05T19:55:15.509Z error: Error Verification User: 
2025-02-05T19:55:15.509Z error: Error Verification User: 
2025-02-05T19:55:19.463Z error: Error Verification User: 
2025-02-05T19:55:19.463Z error: Error Verification User: 
2025-02-05T19:55:21.308Z error: Error Verification User: 
2025-02-05T19:55:21.308Z error: Error Verification User: 
2025-02-05T19:56:00.192Z error: Error Verification User: 
2025-02-05T19:56:00.192Z error: Error Verification User: 
2025-02-05T19:56:12.614Z error: Error Verification User: 
2025-02-05T19:56:12.614Z error: Error Verification User: 
2025-02-05T19:57:19.791Z error: Error Verification User: 
2025-02-05T19:57:19.791Z error: Error Verification User: 
2025-02-05T19:57:23.687Z error: Error Verification User: 
2025-02-05T19:57:23.687Z error: Error Verification User: 
2025-02-05T19:57:24.419Z error: Error Verification User: 
2025-02-05T19:57:24.419Z error: Error Verification User: 
2025-02-05T19:57:32.356Z error: Error Verification User: 
2025-02-05T19:57:32.356Z error: Error Verification User: 
2025-02-05T19:57:48.560Z error: Error Verification User: 
2025-02-05T19:57:48.560Z error: Error Verification User: 
2025-02-05T19:57:49.333Z error: Error Verification User: 
2025-02-05T19:57:49.333Z error: Error Verification User: 
2025-02-05T19:58:07.352Z error: Error Verification User: 
2025-02-05T19:58:07.352Z error: Error Verification User: 
2025-02-05T19:58:20.196Z error: Error Verification User: 
2025-02-05T19:58:20.196Z error: Error Verification User: 
2025-02-05T19:58:46.042Z error: Error Verification User: 
2025-02-05T19:58:46.042Z error: Error Verification User: 
2025-02-05T19:58:59.106Z error: Error Verification User: 
2025-02-05T19:58:59.106Z error: Error Verification User: 
2025-02-05T19:59:36.163Z error: Error Verification User: 
2025-02-05T19:59:36.163Z error: Error Verification User: 
2025-02-05T19:59:43.113Z error: Error Verification User: 
2025-02-05T19:59:43.113Z error: Error Verification User: 
2025-02-05T20:35:18.986Z error: Error fetching random products: Operation `products.aggregate()` buffering timed out after 10000ms
2025-02-05T20:35:18.986Z error: Error fetching random products: Operation `products.aggregate()` buffering timed out after 10000ms
2025-02-05T20:35:18.997Z error: Error getting convenience fees: Operation `websitedatas.findOne()` buffering timed out after 10000ms
2025-02-05T20:35:18.997Z error: Error getting convenience fees: Operation `websitedatas.findOne()` buffering timed out after 10000ms
2025-02-05T20:35:24.998Z error: Error getting Coupons:  Operation `coupons.find()` buffering timed out after 10000ms - MongooseError: Operation `coupons.find()` buffering timed out after 10000ms
    at Timeout._onTimeout (C:\Users\Admin\Documents\Java Script Project\On-U\node_modules\mongoose\lib\drivers\node-mongodb-native\collection.js:188:23)
    at listOnTimeout (node:internal/timers:594:17)
    at process.processTimers (node:internal/timers:529:7)
2025-02-05T20:35:24.998Z error: Error getting Coupons:  Operation `coupons.find()` buffering timed out after 10000ms - MongooseError: Operation `coupons.find()` buffering timed out after 10000ms
    at Timeout._onTimeout (C:\Users\Admin\Documents\Java Script Project\On-U\node_modules\mongoose\lib\drivers\node-mongodb-native\collection.js:188:23)
    at listOnTimeout (node:internal/timers:594:17)
    at process.processTimers (node:internal/timers:529:7)
2025-02-05T20:35:25.010Z error: Error fetching random products: Operation `products.aggregate()` buffering timed out after 10000ms
2025-02-05T20:35:25.010Z error: Error fetching random products: Operation `products.aggregate()` buffering timed out after 10000ms
2025-02-05T20:35:25.013Z error: Error getting convenience fees: Operation `websitedatas.findOne()` buffering timed out after 10000ms
2025-02-05T20:35:25.013Z error: Error getting convenience fees: Operation `websitedatas.findOne()` buffering timed out after 10000ms
2025-02-05T20:35:33.829Z error: Error getting Coupons:  Operation `coupons.find()` buffering timed out after 10000ms - MongooseError: Operation `coupons.find()` buffering timed out after 10000ms
    at Timeout._onTimeout (C:\Users\Admin\Documents\Java Script Project\On-U\node_modules\mongoose\lib\drivers\node-mongodb-native\collection.js:188:23)
    at listOnTimeout (node:internal/timers:594:17)
    at process.processTimers (node:internal/timers:529:7)
2025-02-05T20:35:33.829Z error: Error getting Coupons:  Operation `coupons.find()` buffering timed out after 10000ms - MongooseError: Operation `coupons.find()` buffering timed out after 10000ms
    at Timeout._onTimeout (C:\Users\Admin\Documents\Java Script Project\On-U\node_modules\mongoose\lib\drivers\node-mongodb-native\collection.js:188:23)
    at listOnTimeout (node:internal/timers:594:17)
    at process.processTimers (node:internal/timers:529:7)
2025-02-05T20:35:33.832Z error: Error fetching random products: Operation `products.aggregate()` buffering timed out after 10000ms
2025-02-05T20:35:33.832Z error: Error fetching random products: Operation `products.aggregate()` buffering timed out after 10000ms
2025-02-05T20:35:33.837Z error: Error getting convenience fees: Operation `websitedatas.findOne()` buffering timed out after 10000ms
2025-02-05T20:35:33.837Z error: Error getting convenience fees: Operation `websitedatas.findOne()` buffering timed out after 10000ms
2025-02-05T20:35:43.858Z error: Error fetching random products: Operation `products.aggregate()` buffering timed out after 10000ms
2025-02-05T20:35:43.858Z error: Error fetching random products: Operation `products.aggregate()` buffering timed out after 10000ms
2025-02-05T20:35:48.491Z error: Error getting Coupons:  Operation `coupons.find()` buffering timed out after 10000ms - MongooseError: Operation `coupons.find()` buffering timed out after 10000ms
    at Timeout._onTimeout (C:\Users\Admin\Documents\Java Script Project\On-U\node_modules\mongoose\lib\drivers\node-mongodb-native\collection.js:188:23)
    at listOnTimeout (node:internal/timers:594:17)
    at process.processTimers (node:internal/timers:529:7)
2025-02-05T20:35:48.491Z error: Error getting Coupons:  Operation `coupons.find()` buffering timed out after 10000ms - MongooseError: Operation `coupons.find()` buffering timed out after 10000ms
    at Timeout._onTimeout (C:\Users\Admin\Documents\Java Script Project\On-U\node_modules\mongoose\lib\drivers\node-mongodb-native\collection.js:188:23)
    at listOnTimeout (node:internal/timers:594:17)
    at process.processTimers (node:internal/timers:529:7)
2025-02-05T20:35:48.496Z error: Error fetching random products: Operation `products.aggregate()` buffering timed out after 10000ms
2025-02-05T20:35:48.496Z error: Error fetching random products: Operation `products.aggregate()` buffering timed out after 10000ms
2025-02-05T20:35:48.503Z error: Error getting convenience fees: Operation `websitedatas.findOne()` buffering timed out after 10000ms
2025-02-05T20:35:48.503Z error: Error getting convenience fees: Operation `websitedatas.findOne()` buffering timed out after 10000ms
2025-02-05T20:40:28.892Z error: Error Verification User: 
2025-02-05T20:40:28.892Z error: Error Verification User: 
2025-02-05T20:40:30.347Z error: Error Verification User: 
2025-02-05T20:40:30.347Z error: Error Verification User: 
2025-02-05T21:06:48.828Z error: Error getting Coupons:  Operation `coupons.find()` buffering timed out after 10000ms - MongooseError: Operation `coupons.find()` buffering timed out after 10000ms
    at Timeout._onTimeout (C:\Users\Admin\Documents\Java Script Project\On-U\node_modules\mongoose\lib\drivers\node-mongodb-native\collection.js:188:23)
    at listOnTimeout (node:internal/timers:594:17)
    at process.processTimers (node:internal/timers:529:7)
2025-02-05T21:06:48.828Z error: Error getting Coupons:  Operation `coupons.find()` buffering timed out after 10000ms - MongooseError: Operation `coupons.find()` buffering timed out after 10000ms
    at Timeout._onTimeout (C:\Users\Admin\Documents\Java Script Project\On-U\node_modules\mongoose\lib\drivers\node-mongodb-native\collection.js:188:23)
    at listOnTimeout (node:internal/timers:594:17)
    at process.processTimers (node:internal/timers:529:7)
2025-02-05T21:06:59.049Z error: Error Fetching Products: Operation `products.find()` buffering timed out after 10000ms
2025-02-05T21:06:59.049Z error: Error Fetching Products: Operation `products.find()` buffering timed out after 10000ms
2025-02-05T21:07:45.248Z error: Error Fetching Products: Operation `products.find()` buffering timed out after 10000ms
2025-02-05T21:07:45.248Z error: Error Fetching Products: Operation `products.find()` buffering timed out after 10000ms
2025-02-05T21:07:48.488Z error: Error Fetching Products: Operation `products.find()` buffering timed out after 10000ms
2025-02-05T21:07:48.488Z error: Error Fetching Products: Operation `products.find()` buffering timed out after 10000ms
2025-02-05T21:08:30.080Z error: Error Fetching Products: Operation `products.find()` buffering timed out after 10000ms
2025-02-05T21:08:30.080Z error: Error Fetching Products: Operation `products.find()` buffering timed out after 10000ms
2025-02-05T21:23:28.026Z error: Error Verification User: 
2025-02-05T21:23:28.026Z error: Error Verification User: 
2025-02-05T21:23:28.412Z error: Error Verification User: 
2025-02-05T21:23:28.412Z error: Error Verification User: 
2025-02-05T21:23:33.672Z error: Error Verification User: 
2025-02-05T21:23:33.672Z error: Error Verification User: 
2025-02-05T21:23:34.392Z error: Error Verification User: 
2025-02-05T21:23:34.392Z error: Error Verification User: 
2025-02-05T21:23:35.306Z error: Error Verification User: 
2025-02-05T21:23:35.306Z error: Error Verification User: 
2025-02-05T21:23:39.695Z error: Error Verification User: 
2025-02-05T21:23:39.695Z error: Error Verification User: 
2025-02-05T21:23:41.613Z error: Error Verification User: 
2025-02-05T21:23:41.613Z error: Error Verification User: 
2025-02-05T21:26:38.696Z error: Error Verification User: 
2025-02-05T21:26:38.696Z error: Error Verification User: 
2025-02-05T21:26:38.701Z error: Error Verification User: 
2025-02-05T21:26:38.701Z error: Error Verification User: 
2025-02-05T21:26:38.810Z error: Error Verification User: 
2025-02-05T21:26:38.810Z error: Error Verification User: 
2025-02-05T21:26:43.303Z error: Error Verification User: 
2025-02-05T21:26:43.303Z error: Error Verification User: 
2025-02-05T21:26:47.820Z error: Error Verification User: 
2025-02-05T21:26:47.820Z error: Error Verification User: 
2025-02-05T21:28:10.146Z error: Error Verification User: 
2025-02-05T21:28:10.146Z error: Error Verification User: 
2025-02-05T21:28:52.575Z error: Error Verification User: 
2025-02-05T21:28:52.575Z error: Error Verification User: 
2025-02-05T21:28:57.570Z error: Error Verification User: 
2025-02-05T21:28:57.570Z error: Error Verification User: 
2025-02-05T21:28:57.597Z error: Error Verification User: 
2025-02-05T21:28:57.597Z error: Error Verification User: 
2025-02-05T21:28:57.614Z error: Error Verification User: 
2025-02-05T21:28:57.614Z error: Error Verification User: 
2025-02-05T21:28:58.453Z error: Error Verification User: 
2025-02-05T21:28:58.453Z error: Error Verification User: 
2025-02-05T21:30:13.176Z error: Error Verification User: 
2025-02-05T21:30:13.176Z error: Error Verification User: 
2025-02-05T21:30:24.565Z error: Error Verification User: 
2025-02-05T21:30:24.565Z error: Error Verification User: 
2025-02-05T21:30:48.203Z error: Error Verification User: 
2025-02-05T21:30:48.203Z error: Error Verification User: 
2025-02-05T21:31:18.235Z error: Error Verification User: 
2025-02-05T21:31:18.235Z error: Error Verification User: 
2025-02-05T21:31:24.367Z error: Error Verification User: 
2025-02-05T21:31:24.367Z error: Error Verification User: 
2025-02-05T21:31:31.956Z error: Error Verification User: 
2025-02-05T21:31:31.956Z error: Error Verification User: 
2025-02-05T21:34:16.078Z error: Error Verification User: 
2025-02-05T21:34:16.078Z error: Error Verification User: 
2025-02-05T21:34:30.425Z error: Error Verification User: 
2025-02-05T21:34:30.425Z error: Error Verification User: 
2025-02-05T21:34:50.905Z error: Error Verification User: 
2025-02-05T21:34:50.905Z error: Error Verification User: 
2025-02-05T21:35:27.132Z error: Error Verification User: 
2025-02-05T21:35:27.132Z error: Error Verification User: 
2025-02-05T21:36:28.510Z error: Error Verification User: 
2025-02-05T21:36:28.510Z error: Error Verification User: 
2025-02-05T21:36:59.422Z error: Error Verification User: 
2025-02-05T21:36:59.422Z error: Error Verification User: 
2025-02-05T21:37:48.028Z error: Error Verification User: 
2025-02-05T21:37:48.028Z error: Error Verification User: 
2025-02-05T21:37:53.443Z error: Error Verification User: 
2025-02-05T21:37:53.443Z error: Error Verification User: 
2025-02-05T21:37:59.482Z error: Error Verification User: 
2025-02-05T21:37:59.482Z error: Error Verification User: 
2025-02-05T21:38:24.325Z error: Error Verification User: 
2025-02-05T21:38:24.325Z error: Error Verification User: 
2025-02-05T21:40:14.509Z error: Error Verification User: 
2025-02-05T21:40:14.509Z error: Error Verification User: 
2025-02-05T21:40:46.074Z error: Error Verification User: 
2025-02-05T21:40:46.074Z error: Error Verification User: 
2025-02-05T21:41:13.730Z error: Error Verification User: 
2025-02-05T21:41:13.730Z error: Error Verification User: 
2025-02-05T21:41:25.830Z error: Error Verification User: 
2025-02-05T21:41:25.830Z error: Error Verification User: 
2025-02-05T21:41:32.390Z error: Error Verification User: 
2025-02-05T21:41:32.390Z error: Error Verification User: 
2025-02-05T21:42:02.809Z error: Error Verification User: 
2025-02-05T21:42:02.809Z error: Error Verification User: 
2025-02-05T21:42:06.078Z error: Error Verification User: 
2025-02-05T21:42:06.078Z error: Error Verification User: 
2025-02-05T21:42:44.145Z error: Error Verification User: 
2025-02-05T21:42:44.145Z error: Error Verification User: 
2025-02-05T21:43:20.390Z error: Error Verification User: 
2025-02-05T21:43:20.390Z error: Error Verification User: 
2025-02-05T21:43:40.599Z error: Error Verification User: 
2025-02-05T21:43:40.599Z error: Error Verification User: 
2025-02-05T21:43:50.058Z error: Error Verification User: 
2025-02-05T21:43:50.058Z error: Error Verification User: 
2025-02-05T21:44:01.410Z error: Error Verification User: 
2025-02-05T21:44:01.410Z error: Error Verification User: 
2025-02-05T21:44:10.897Z error: Error Verification User: 
2025-02-05T21:44:10.897Z error: Error Verification User: 
2025-02-05T21:44:49.820Z error: Error Verification User: 
2025-02-05T21:44:49.820Z error: Error Verification User: 
2025-02-05T21:44:59.584Z error: Error Verification User: 
2025-02-05T21:44:59.584Z error: Error Verification User: 
2025-02-05T21:45:11.363Z error: Error Verification User: 
2025-02-05T21:45:11.363Z error: Error Verification User: 
2025-02-05T21:45:17.495Z error: Error Verification User: 
2025-02-05T21:45:17.495Z error: Error Verification User: 
2025-02-05T21:45:17.865Z error: Error Verification User: 
2025-02-05T21:45:17.865Z error: Error Verification User: 
2025-02-05T21:45:54.747Z error: Error Verification User: 
2025-02-05T21:45:54.747Z error: Error Verification User: 
2025-02-05T21:46:09.695Z error: Error Verification User: 
2025-02-05T21:46:09.695Z error: Error Verification User: 
2025-02-05T21:46:41.456Z error: Error Verification User: 
2025-02-05T21:46:41.456Z error: Error Verification User: 
2025-02-05T21:46:41.469Z error: Error Verification User: 
2025-02-05T21:46:41.469Z error: Error Verification User: 
2025-02-05T21:46:42.334Z error: Error Verification User: 
2025-02-05T21:46:42.334Z error: Error Verification User: 
2025-02-05T21:46:59.058Z error: Error Verification User: 
2025-02-05T21:46:59.058Z error: Error Verification User: 
2025-02-05T21:47:28.242Z error: Error Verification User: 
2025-02-05T21:47:28.242Z error: Error Verification User: 
2025-02-05T21:47:29.123Z error: Error Verification User: 
2025-02-05T21:47:29.123Z error: Error Verification User: 
2025-02-05T21:47:29.141Z error: Error Verification User: 
2025-02-05T21:47:29.141Z error: Error Verification User: 
2025-02-05T21:47:30.019Z error: Error Verification User: 
2025-02-05T21:47:30.019Z error: Error Verification User: 
2025-02-05T21:47:49.119Z error: Error Verification User: 
2025-02-05T21:47:49.119Z error: Error Verification User: 
2025-02-05T21:47:57.025Z error: Error Verification User: 
2025-02-05T21:47:57.025Z error: Error Verification User: 
2025-02-05T21:47:57.037Z error: Error Verification User: 
2025-02-05T21:47:57.037Z error: Error Verification User: 
2025-02-05T21:47:57.907Z error: Error Verification User: 
2025-02-05T21:47:57.907Z error: Error Verification User: 
2025-02-05T21:48:12.271Z error: Error Verification User: 
2025-02-05T21:48:12.271Z error: Error Verification User: 
2025-02-05T21:48:15.730Z error: Error Verification User: 
2025-02-05T21:48:15.730Z error: Error Verification User: 
2025-02-05T21:48:15.794Z error: Error Verification User: 
2025-02-05T21:48:15.794Z error: Error Verification User: 
2025-02-05T21:48:16.627Z error: Error Verification User: 
2025-02-05T21:48:16.627Z error: Error Verification User: 
2025-02-05T21:48:39.631Z error: Error Verification User: 
2025-02-05T21:48:39.631Z error: Error Verification User: 
2025-02-05T21:48:49.938Z error: Error Verification User: 
2025-02-05T21:48:49.938Z error: Error Verification User: 
2025-02-05T21:49:01.302Z error: Error Verification User: 
2025-02-05T21:49:01.302Z error: Error Verification User: 
2025-02-05T21:49:12.054Z error: Error Verification User: 
2025-02-05T21:49:12.054Z error: Error Verification User: 
2025-02-05T21:49:19.462Z error: Error Verification User: 
2025-02-05T21:49:19.462Z error: Error Verification User: 
2025-02-05T21:49:19.476Z error: Error Verification User: 
2025-02-05T21:49:19.476Z error: Error Verification User: 
2025-02-05T21:49:20.340Z error: Error Verification User: 
2025-02-05T21:49:20.340Z error: Error Verification User: 
2025-02-05T21:49:50.672Z error: Error Verification User: 
2025-02-05T21:49:50.672Z error: Error Verification User: 
2025-02-05T21:49:50.688Z error: Error Verification User: 
2025-02-05T21:49:50.688Z error: Error Verification User: 
2025-02-05T21:49:51.086Z error: Error Verification User: 
2025-02-05T21:49:51.086Z error: Error Verification User: 
2025-02-05T21:50:14.808Z error: Error Verification User: 
2025-02-05T21:50:14.808Z error: Error Verification User: 
2025-02-05T21:50:25.873Z error: Error Verification User: 
2025-02-05T21:50:25.873Z error: Error Verification User: 
2025-02-05T21:50:40.743Z error: Error Verification User: 
2025-02-05T21:50:40.743Z error: Error Verification User: 
2025-02-05T21:50:44.058Z error: Error Verification User: 
2025-02-05T21:50:44.058Z error: Error Verification User: 
2025-02-05T21:50:51.414Z error: Error Verification User: 
2025-02-05T21:50:51.414Z error: Error Verification User: 
2025-02-05T21:51:42.667Z error: Error Verification User: 
2025-02-05T21:51:42.667Z error: Error Verification User: 
2025-02-05T21:52:07.564Z error: Error Verification User: 
2025-02-05T21:52:07.564Z error: Error Verification User: 
2025-02-05T21:52:11.799Z error: Error Verification User: 
2025-02-05T21:52:11.799Z error: Error Verification User: 
2025-02-05T21:52:17.023Z error: Error Verification User: 
2025-02-05T21:52:17.023Z error: Error Verification User: 
2025-02-05T21:52:25.131Z error: Error Verification User: 
2025-02-05T21:52:25.131Z error: Error Verification User: 
2025-02-05T21:53:19.085Z error: Error Verification User: 
2025-02-05T21:53:19.085Z error: Error Verification User: 
2025-02-05T21:53:47.190Z error: Error Verification User: 
2025-02-05T21:53:47.190Z error: Error Verification User: 
2025-02-05T21:53:47.208Z error: Error Verification User: 
2025-02-05T21:53:47.208Z error: Error Verification User: 
2025-02-05T21:53:48.073Z error: Error Verification User: 
2025-02-05T21:53:48.073Z error: Error Verification User: 
2025-02-05T21:54:47.583Z error: Error Verification User: 
2025-02-05T21:54:47.583Z error: Error Verification User: 
2025-02-05T21:55:02.554Z error: Error Verification User: 
2025-02-05T21:55:02.554Z error: Error Verification User: 
2025-02-05T21:55:08.810Z error: Error Verification User: 
2025-02-05T21:55:08.810Z error: Error Verification User: 
2025-02-05T21:55:57.662Z error: Error Verification User: 
2025-02-05T21:55:57.662Z error: Error Verification User: 
2025-02-05T21:56:24.813Z error: Error Verification User: 
2025-02-05T21:56:24.813Z error: Error Verification User: 
2025-02-05T21:56:41.390Z error: Error Verification User: 
2025-02-05T21:56:41.390Z error: Error Verification User: 
2025-02-05T21:56:48.837Z error: Error Verification User: 
2025-02-05T21:56:48.837Z error: Error Verification User: 
2025-02-05T21:56:48.881Z error: Error Verification User: 
2025-02-05T21:56:48.881Z error: Error Verification User: 
2025-02-05T21:56:49.733Z error: Error Verification User: 
2025-02-05T21:56:49.733Z error: Error Verification User: 
2025-02-06T06:34:37.194Z error: Error Verification User: 
2025-02-06T06:34:37.194Z error: Error Verification User: 
2025-02-06T06:34:37.926Z error: Error Verification User: 
2025-02-06T06:34:37.926Z error: Error Verification User: 
2025-02-06T06:34:48.686Z error: Error Verification User: 
2025-02-06T06:34:48.686Z error: Error Verification User: 
2025-02-06T06:34:49.330Z error: Error Verification User: 
2025-02-06T06:34:49.330Z error: Error Verification User: 
2025-02-06T06:35:42.955Z error: Error Verification User: 
2025-02-06T06:35:42.955Z error: Error Verification User: 
2025-02-06T06:35:47.912Z error: Error Verification User: 
2025-02-06T06:35:47.912Z error: Error Verification User: 
2025-02-06T06:36:04.919Z error: Error Verification User: 
2025-02-06T06:36:04.919Z error: Error Verification User: 
2025-02-06T06:36:14.918Z error: Error Verification User: 
2025-02-06T06:36:14.918Z error: Error Verification User: 
2025-02-06T06:36:18.175Z error: Error Verification User: 
2025-02-06T06:36:18.175Z error: Error Verification User: 
2025-02-06T06:36:20.187Z error: Error Verification User: 
2025-02-06T06:36:20.187Z error: Error Verification User: 
2025-02-06T15:07:07.559Z error: Error Verification User: 
2025-02-06T15:07:07.559Z error: Error Verification User: 
2025-02-06T16:07:15.963Z error: Error Verification User: 
2025-02-06T16:07:15.963Z error: Error Verification User: 
2025-02-06T16:07:20.004Z error: Error Verification User: 
2025-02-06T16:07:20.004Z error: Error Verification User: 
2025-02-06T16:07:21.332Z error: Error Verification User: 
2025-02-06T16:07:21.332Z error: Error Verification User: 
2025-02-06T16:07:48.471Z error: Error Verification User: 
2025-02-06T16:07:48.471Z error: Error Verification User: 
2025-02-06T16:07:48.612Z error: Error Verification User: 
2025-02-06T16:07:48.612Z error: Error Verification User: 
2025-02-06T16:08:04.738Z error: Error Verification User: 
2025-02-06T16:08:04.738Z error: Error Verification User: 
2025-02-06T16:35:52.070Z error: Error Verification User: 
2025-02-06T16:35:52.070Z error: Error Verification User: 
2025-02-06T16:35:52.104Z error: Error Verification User: 
2025-02-06T16:35:52.104Z error: Error Verification User: 
2025-02-06T16:46:19.590Z error: Error Verification User: 
2025-02-06T16:46:19.590Z error: Error Verification User: 
2025-02-06T16:46:19.892Z error: Error Verification User: 
2025-02-06T16:46:19.892Z error: Error Verification User: 
